<?xml version="1.0" encoding="UTF-8"?>
<testsuite xmlns:xsi="http://www.w3.org/2001/XMLSchema-instance" xsi:noNamespaceSchemaLocation="https://maven.apache.org/surefire/maven-surefire-plugin/xsd/surefire-test-report-3.0.xsd" version="3.0" name="com.vattima.lego.inventory.service.impl.ItemInventoryServiceTest" time="0.725" tests="1" errors="0" skipped="0" failures="0">
  <properties>
[...]
</properties>
  <testcase name="addItemInventory" classname="com.vattima.lego.inventory.service.impl.ItemInventoryServiceTest" time="0.671">
    <system-out><![CDATA[20:42:14.361 [main] INFO com.vattima.lego.inventory.service.impl.ItemInventoryServiceTest -- []
]]></system-out>
    <system-err><![CDATA[WARNING: A Java agent has been loaded dynamically (D:\dev\.m2_repo\net\bytebuddy\byte-buddy-agent\1.14.19\byte-buddy-agent-1.14.19.jar)
WARNING: If a serviceability tool is in use, please run with -XX:+EnableDynamicAgentLoading to hide this warning
WARNING: If a serviceability tool is not in use, please run with -Djdk.instrument.traceUsage for more information
WARNING: Dynamic loading of agents will be disallowed by default in a future release
]]></system-err>
  </testcase>
</testsuite>